{"name":"test002_fillExpertsApplication","status":"failed","statusDetails":{"known":false,"muted":false,"flaky":false,"message":"expected [xforms-delected] but found [xforms-selected]","trace":"java.lang.AssertionError: expected [xforms-delected] but found [xforms-selected]\r\n\tat org.testng.Assert.fail(Assert.java:96)\r\n\tat org.testng.Assert.failNotEquals(Assert.java:776)\r\n\tat org.testng.Assert.assertEqualsImpl(Assert.java:137)\r\n\tat org.testng.Assert.assertEquals(Assert.java:118)\r\n\tat org.testng.Assert.assertEquals(Assert.java:453)\r\n\tat org.testng.Assert.assertEquals(Assert.java:463)\r\n\tat pages.ExpertsApplication.clickRequiredCheckboxes(ExpertsApplication.java:154)\r\n\tat Tests.test002_fillExpertsApplication(Tests.java:104)\r\n\tat java.base/jdk.internal.reflect.NativeMethodAccessorImpl.invoke0(Native Method)\r\n\tat java.base/jdk.internal.reflect.NativeMethodAccessorImpl.invoke(NativeMethodAccessorImpl.java:62)\r\n\tat java.base/jdk.internal.reflect.DelegatingMethodAccessorImpl.invoke(DelegatingMethodAccessorImpl.java:43)\r\n\tat java.base/java.lang.reflect.Method.invoke(Method.java:564)\r\n\tat org.testng.internal.MethodInvocationHelper.invokeMethod(MethodInvocationHelper.java:124)\r\n\tat org.testng.internal.Invoker.invokeMethod(Invoker.java:583)\r\n\tat org.testng.internal.Invoker.invokeTestMethod(Invoker.java:719)\r\n\tat org.testng.internal.Invoker.invokeTestMethods(Invoker.java:989)\r\n\tat org.testng.internal.TestMethodWorker.invokeTestMethods(TestMethodWorker.java:125)\r\n\tat org.testng.internal.TestMethodWorker.run(TestMethodWorker.java:109)\r\n\tat org.testng.TestRunner.privateRun(TestRunner.java:648)\r\n\tat org.testng.TestRunner.run(TestRunner.java:505)\r\n\tat org.testng.SuiteRunner.runTest(SuiteRunner.java:455)\r\n\tat org.testng.SuiteRunner.runSequentially(SuiteRunner.java:450)\r\n\tat org.testng.SuiteRunner.privateRun(SuiteRunner.java:415)\r\n\tat org.testng.SuiteRunner.run(SuiteRunner.java:364)\r\n\tat org.testng.SuiteRunnerWorker.runSuite(SuiteRunnerWorker.java:52)\r\n\tat org.testng.SuiteRunnerWorker.run(SuiteRunnerWorker.java:84)\r\n\tat org.testng.TestNG.runSuitesSequentially(TestNG.java:1208)\r\n\tat org.testng.TestNG.runSuitesLocally(TestNG.java:1137)\r\n\tat org.testng.TestNG.runSuites(TestNG.java:1049)\r\n\tat org.testng.TestNG.run(TestNG.java:1017)\r\n\tat org.testng.IDEARemoteTestNG.run(IDEARemoteTestNG.java:73)\r\n\tat org.testng.RemoteTestNGStarter.main(RemoteTestNGStarter.java:123)\r\n"},"stage":"finished","steps":[{"name":"Wypelnij wniosek: Experci","status":"passed","stage":"finished","steps":[],"attachments":[],"parameters":[],"start":1559219817566,"stop":1559219817674},{"name":"Polski jezyk formularza","status":"passed","stage":"finished","steps":[],"attachments":[],"parameters":[],"start":1559219817766,"stop":1559219821915},{"name":"Wyslij aplikacje","status":"passed","stage":"finished","steps":[],"attachments":[],"parameters":[],"start":1559219821916,"stop":1559219822029},{"name":"Szkic zostal zapisany - zamkniecie boxa","status":"passed","stage":"finished","steps":[],"attachments":[],"parameters":[],"start":1559219822029,"stop":1559219823090},{"name":"Pobieranie tresci bledow","status":"passed","stage":"finished","steps":[],"attachments":[],"parameters":[],"start":1559219823091,"stop":1559219823225},{"name":"Klikniecie OK na dialog boxie z bledami","status":"passed","stage":"finished","steps":[],"attachments":[],"parameters":[],"start":1559219823225,"stop":1559219823335},{"name":"Pobranie listy bled√≥w","status":"passed","stage":"finished","steps":[],"attachments":[],"parameters":[],"start":1559219823336,"stop":1559219823419},{"name":"Zainteresowany wspolpraca z NAWA","status":"passed","stage":"finished","steps":[],"attachments":[],"parameters":[],"start":1559219823420,"stop":1559219823565},{"name":"Wybor losowego programu NAWA","status":"passed","stage":"finished","steps":[],"attachments":[],"parameters":[],"start":1559219823566,"stop":1559219824145},{"name":"Wybor drugiego losowego programu NAWA","status":"passed","stage":"finished","steps":[],"attachments":[],"parameters":[],"start":1559219824145,"stop":1559219825277},{"name":"Ustawienie tytulu akademickiego {1}","status":"passed","stage":"finished","steps":[],"attachments":[],"parameters":[{"name":"academicTitleInput","value":"Square"}],"start":1559219825282,"stop":1559219826124},{"name":"Ustawienie numeru telefonu {1}","status":"passed","stage":"finished","steps":[],"attachments":[],"parameters":[{"name":"phoneNumberInput","value":"123456987"}],"start":1559219826125,"stop":1559219826837},{"name":"Wybor losowego zakresu tematycznego","status":"passed","stage":"finished","steps":[],"attachments":[],"parameters":[],"start":1559219826838,"stop":1559219827102},{"name":"Wybor losowego poziomu jezyka","status":"passed","stage":"finished","steps":[],"attachments":[],"parameters":[],"start":1559219827114,"stop":1559219827451},{"name":"Zaznaczenie wymaganych checkboxow","status":"failed","statusDetails":{"known":false,"muted":false,"flaky":false,"message":"expected [xforms-delected] but found [xforms-selected]","trace":"java.lang.AssertionError: expected [xforms-delected] but found [xforms-selected]\r\n\tat org.testng.Assert.fail(Assert.java:96)\r\n\tat org.testng.Assert.failNotEquals(Assert.java:776)\r\n\tat org.testng.Assert.assertEqualsImpl(Assert.java:137)\r\n\tat org.testng.Assert.assertEquals(Assert.java:118)\r\n\tat org.testng.Assert.assertEquals(Assert.java:453)\r\n\tat org.testng.Assert.assertEquals(Assert.java:463)\r\n\tat pages.ExpertsApplication.clickRequiredCheckboxes(ExpertsApplication.java:154)\r\n\tat Tests.test002_fillExpertsApplication(Tests.java:104)\r\n\tat java.base/jdk.internal.reflect.NativeMethodAccessorImpl.invoke0(Native Method)\r\n\tat java.base/jdk.internal.reflect.NativeMethodAccessorImpl.invoke(NativeMethodAccessorImpl.java:62)\r\n\tat java.base/jdk.internal.reflect.DelegatingMethodAccessorImpl.invoke(DelegatingMethodAccessorImpl.java:43)\r\n\tat java.base/java.lang.reflect.Method.invoke(Method.java:564)\r\n\tat org.testng.internal.MethodInvocationHelper.invokeMethod(MethodInvocationHelper.java:124)\r\n\tat org.testng.internal.Invoker.invokeMethod(Invoker.java:583)\r\n\tat org.testng.internal.Invoker.invokeTestMethod(Invoker.java:719)\r\n\tat org.testng.internal.Invoker.invokeTestMethods(Invoker.java:989)\r\n\tat org.testng.internal.TestMethodWorker.invokeTestMethods(TestMethodWorker.java:125)\r\n\tat org.testng.internal.TestMethodWorker.run(TestMethodWorker.java:109)\r\n\tat org.testng.TestRunner.privateRun(TestRunner.java:648)\r\n\tat org.testng.TestRunner.run(TestRunner.java:505)\r\n\tat org.testng.SuiteRunner.runTest(SuiteRunner.java:455)\r\n\tat org.testng.SuiteRunner.runSequentially(SuiteRunner.java:450)\r\n\tat org.testng.SuiteRunner.privateRun(SuiteRunner.java:415)\r\n\tat org.testng.SuiteRunner.run(SuiteRunner.java:364)\r\n\tat org.testng.SuiteRunnerWorker.runSuite(SuiteRunnerWorker.java:52)\r\n\tat org.testng.SuiteRunnerWorker.run(SuiteRunnerWorker.java:84)\r\n\tat org.testng.TestNG.runSuitesSequentially(TestNG.java:1208)\r\n\tat org.testng.TestNG.runSuitesLocally(TestNG.java:1137)\r\n\tat org.testng.TestNG.runSuites(TestNG.java:1049)\r\n\tat org.testng.TestNG.run(TestNG.java:1017)\r\n\tat org.testng.IDEARemoteTestNG.run(IDEARemoteTestNG.java:73)\r\n\tat org.testng.RemoteTestNGStarter.main(RemoteTestNGStarter.java:123)\r\n"},"stage":"finished","steps":[],"attachments":[],"parameters":[],"start":1559219827451,"stop":1559219828273}],"attachments":[],"parameters":[],"start":1559219817535,"stop":1559219828325,"uuid":"45f4b8d0-d9f1-47b1-9871-235e98e0207a","historyId":"ac280b1c19b730160fbdc5a8e50fb0e5","fullName":"Tests.test002_fillExpertsApplication","labels":[{"name":"package","value":"Tests"},{"name":"testClass","value":"Tests"},{"name":"testMethod","value":"test002_fillExpertsApplication"},{"name":"parentSuite","value":"Default Suite"},{"name":"suite","value":"tests"},{"name":"subSuite","value":"Tests"},{"name":"host","value":"3e-wa-0105"},{"name":"thread","value":"16192@3e-wa-0105.main(1)"},{"name":"framework","value":"testng"},{"name":"language","value":"java"}],"links":[]}