<?xml version="1.0" encoding="UTF-8"?>
<testsuite xmlns:xsi="http://www.w3.org/2001/XMLSchema-instance" xsi:noNamespaceSchemaLocation="https://maven.apache.org/surefire/maven-surefire-plugin/xsd/surefire-test-report.xsd" name="TestSuite" time="96.059" tests="3" errors="0" skipped="0" failures="1">
  <properties>
    <property name="sun.desktop" value="windows"/>
    <property name="awt.toolkit" value="sun.awt.windows.WToolkit"/>
    <property name="java.specification.version" value="12"/>
    <property name="sun.cpu.isalist" value="amd64"/>
    <property name="sun.jnu.encoding" value="Cp1250"/>
    <property name="java.class.path" value="C:\Program Files\apache-maven-3.6.1\bin\..\boot\plexus-classworlds-2.6.0.jar"/>
    <property name="java.vm.vendor" value="Oracle Corporation"/>
    <property name="sun.arch.data.model" value="64"/>
    <property name="user.variant" value=""/>
    <property name="java.vendor.url" value="https://java.oracle.com/"/>
    <property name="user.timezone" value="Europe/Warsaw"/>
    <property name="user.country.format" value="PL"/>
    <property name="maven.conf" value="C:\Program Files\apache-maven-3.6.1\bin\../conf"/>
    <property name="java.vm.specification.version" value="12"/>
    <property name="os.name" value="Windows 7"/>
    <property name="sun.java.launcher" value="SUN_STANDARD"/>
    <property name="user.country" value="US"/>
    <property name="sun.boot.library.path" value="C:\Program Files\Java\jdk-12\bin"/>
    <property name="sun.java.command" value="org.codehaus.plexus.classworlds.launcher.Launcher clean test"/>
    <property name="jdk.debug" value="release"/>
    <property name="maven.home" value="C:\Program Files\apache-maven-3.6.1\bin\.."/>
    <property name="sun.cpu.endian" value="little"/>
    <property name="user.home" value="C:\Users\mk"/>
    <property name="user.language" value="en"/>
    <property name="sun.stderr.encoding" value="cp852"/>
    <property name="java.specification.vendor" value="Oracle Corporation"/>
    <property name="java.version.date" value="2019-03-19"/>
    <property name="java.home" value="C:\Program Files\Java\jdk-12"/>
    <property name="file.separator" value="\"/>
    <property name="java.vm.compressedOopsMode" value="Zero based"/>
    <property name="line.separator" value="&#10;"/>
    <property name="sun.stdout.encoding" value="cp852"/>
    <property name="java.vm.specification.vendor" value="Oracle Corporation"/>
    <property name="java.specification.name" value="Java Platform API Specification"/>
    <property name="java.awt.graphicsenv" value="sun.awt.Win32GraphicsEnvironment"/>
    <property name="user.script" value=""/>
    <property name="sun.management.compiler" value="HotSpot 64-Bit Tiered Compilers"/>
    <property name="java.runtime.version" value="12+33"/>
    <property name="user.name" value="mk"/>
    <property name="path.separator" value=";"/>
    <property name="os.version" value="6.1"/>
    <property name="java.runtime.name" value="Java(TM) SE Runtime Environment"/>
    <property name="file.encoding" value="Cp1250"/>
    <property name="guice.disable.misplaced.annotation.check" value="true"/>
    <property name="java.vm.name" value="Java HotSpot(TM) 64-Bit Server VM"/>
    <property name="java.vendor.url.bug" value="https://bugreport.java.com/bugreport/"/>
    <property name="java.io.tmpdir" value="C:\Users\mk\AppData\Local\Temp\"/>
    <property name="java.version" value="12"/>
    <property name="user.dir" value="C:\Users\mk\Desktop\N_selenium"/>
    <property name="os.arch" value="amd64"/>
    <property name="maven.multiModuleProjectDirectory" value="C:\Users\mk\Desktop\N_selenium"/>
    <property name="java.vm.specification.name" value="Java Virtual Machine Specification"/>
    <property name="user.language.format" value="pl"/>
    <property name="sun.os.patch.level" value="Service Pack 1"/>
    <property name="java.library.path" value="C:\Program Files\Java\jdk-12\bin;C:\Windows\Sun\Java\bin;C:\Windows\system32;C:\Windows;C:\Program Files (x86)\Common Files\Oracle\Java\javapath;C:\Windows\system32;C:\Windows;C:\Windows\System32\Wbem;C:\Windows\System32\WindowsPowerShell\v1.0\;C:\Program Files\Intel\WiFi\bin\;C:\Program Files\Common Files\Intel\WirelessCommon\; C:\drivers;C:\Program Files\Git\cmd;C:\Program Files\apache-maven-3.6.1\bin;C:\Program Files\allure-2.9.0\bin;C:\Program Files\nodejs\;C:\Program Files\Intel\WiFi\bin\;C:\Program Files\Common Files\Intel\WirelessCommon\;C:\Program Files\JetBrains\IntelliJ IDEA Community Edition 2019.1\bin;; C:\Program Files\allure-2.9.0\bin;C:\Users\mk\AppData\Roaming\npm;."/>
    <property name="java.vm.info" value="mixed mode, sharing"/>
    <property name="java.vendor" value="Oracle Corporation"/>
    <property name="java.vm.version" value="12+33"/>
    <property name="classworlds.conf" value="C:\Program Files\apache-maven-3.6.1\bin\..\bin\m2.conf"/>
    <property name="sun.io.unicode.encoding" value="UnicodeLittle"/>
    <property name="library.jansi.path" value="C:\Program Files\apache-maven-3.6.1\bin\..\lib\jansi-native"/>
    <property name="java.class.version" value="56.0"/>
  </properties>
  <testcase name="test001_logowanie" classname="Tests" time="14.359"/>
  <testcase name="test002_fillExpertsApplication" classname="Tests" time="15.074">
    <failure message="Expected condition failed: waiting for visibility of Proxy element for: DefaultElementLocator &apos;By.cssSelector: #o0fr-error-dialog≡xf-3421&apos; (tried for 5 second(s) with 500 milliseconds interval)" type="org.openqa.selenium.TimeoutException">org.openqa.selenium.TimeoutException: Expected condition failed: waiting for visibility of Proxy element for: DefaultElementLocator 'By.cssSelector: #o0fr-error-dialog≡xf-3421' (tried for 5 second(s) with 500 milliseconds interval)
	at Tests.test002_fillExpertsApplication(Tests.java:98)
Caused by: org.openqa.selenium.NoSuchElementException: 
no such element: Unable to locate element: {"method":"css selector","selector":"#o0fr-error-dialog≡xf-3421"}
  (Session info: headless chrome=75.0.3770.100)
For documentation on this error, please visit: https://www.seleniumhq.org/exceptions/no_such_element.html
Build info: version: '3.141.59', revision: 'e82be7d358', time: '2018-11-14T08:17:03'
System info: host: 'MK-PC', ip: '192.168.43.190', os.name: 'Windows 7', os.arch: 'amd64', os.version: '6.1', java.version: '12'
Driver info: org.openqa.selenium.chrome.ChromeDriver
Capabilities {acceptInsecureCerts: false, browserName: chrome, browserVersion: 75.0.3770.100, chrome: {chromedriverVersion: 75.0.3770.8 (681f24ea911fe7..., userDataDir: C:\Users\mk\AppData\Local\T...}, goog:chromeOptions: {debuggerAddress: localhost:62761}, javascriptEnabled: true, networkConnectionEnabled: false, pageLoadStrategy: normal, platform: XP, platformName: XP, proxy: Proxy(), setWindowRect: true, strictFileInteractability: false, timeouts: {implicit: 0, pageLoad: 300000, script: 30000}, unhandledPromptBehavior: dismiss and notify}
Session ID: 4e719970a316b15fceb95985249054b8
*** Element info: {Using=css selector, value=#o0fr-error-dialog≡xf-3421}
	at Tests.test002_fillExpertsApplication(Tests.java:98)
</failure>
    <system-out><![CDATA[10294 [main] INFO utils.Log  - 1. Przejscie do programow
10325 [main] INFO utils.Log  - brak wnioskow do edycji
10378 [main] INFO utils.Log  - 2. przejscie do expert application
exception occured on Proxy element for: DefaultElementLocator 'By.cssSelector: #o0section-15-control?grid-1-grid?choose_language-control??e0 + span', retrying in 100 ms 
exception occured on Proxy element for: DefaultElementLocator 'By.cssSelector: #o0section-15-control?grid-1-grid?choose_language-control??e0 + span', retrying in 100 ms 
exception occured on Proxy element for: DefaultElementLocator 'By.cssSelector: #o0section-15-control?grid-1-grid?choose_language-control??e0 + span', retrying in 100 ms 
exception occured on Proxy element for: DefaultElementLocator 'By.cssSelector: #o0section-15-control?grid-1-grid?choose_language-control??e0 + span', retrying in 100 ms 
exception occured on Proxy element for: DefaultElementLocator 'By.cssSelector: #o0xf-549?xf-3408?xf-3414??c?3', retrying in 100 ms 
exception occured on Proxy element for: DefaultElementLocator 'By.cssSelector: #o0xf-549?xf-3408?xf-3414??c?3', retrying in 100 ms 
exception occured on Proxy element for: DefaultElementLocator 'By.cssSelector: #o0xf-549?xf-3408?xf-3414??c?3', retrying in 100 ms 
exception occured on Proxy element for: DefaultElementLocator 'By.cssSelector: #o0xf-549?xf-3408?xf-3414??c?3', retrying in 100 ms 
exception occured on Proxy element for: DefaultElementLocator 'By.xpath: //div[@class='ui-growl-icon-close ui-icon ui-icon-closethick']', retrying in 100 ms 
exception occured on Proxy element for: DefaultElementLocator 'By.xpath: //div[@class='ui-growl-icon-close ui-icon ui-icon-closethick']', retrying in 100 ms 
exception occured on Proxy element for: DefaultElementLocator 'By.xpath: //div[@class='ui-growl-icon-close ui-icon ui-icon-closethick']', retrying in 100 ms 
exception occured on Proxy element for: DefaultElementLocator 'By.xpath: //div[@class='ui-growl-icon-close ui-icon ui-icon-closethick']', retrying in 100 ms 
]]></system-out>
  </testcase>
  <testcase name="test003_fillPolishLanguagePromotion" classname="Tests" time="60.448"/>
</testsuite>